2020-09-16 12:45 GMT -0600--BTC--crédito--345.5--SDFFwerewDD34--3822456.525
2020-09-16 12:46 GMT -0600--BTC--consulta_moneda--0--BGSTux34--0.0
2020-09-16 12:46 GMT -0600--ETH--crédito--345.55--SDFSDF435453--127248.7875
2020-09-16 12:46 GMT -0600--ETH--consulta_balance_general--0--BGSTux34--0.0
2020-09-16 12:48 GMT -0600--GNT--crédito--234.54--SDFFDSGwr2344--None
2020-09-16 12:50 GMT -0600--GNT--consulta_balance_general--0--BGSTux34--None
2020-09-16 12:51 GMT -0600--BTC--crédito--4500--ASASDAS3454--49750335.0
2020-09-16 12:51 GMT -0600--GNT--consulta_balance_general--0--BGSTux34--None
2020-09-16 12:51 GMT -0600--BAT--crédito--3456--SSSDssdad234--878.5151999999999
2020-09-16 12:52 GMT -0600--BAT--consulta_balance_general--0--BGSTux34--0.0
2020-09-16 12:52 GMT -0600--None--consulta_balance_general--0--BGSTux34--None
2020-09-16 12:52 GMT -0600--BAT--débito--345--ASSDsdssd2323--87.699
2020-09-16 12:52 GMT -0600--None--consulta_balance_general--0--BGSTux34--None
2020-09-16 12:53 GMT -0600--BAT--crédito--0.5--assddDFD34--0.12675
2020-09-16 12:53 GMT -0600--BAT--consulta_moneda--0--BGSTux34--0.0
2020-09-16 12:57 GMT -0600--BAT--consulta_balance_general--0--BGSTux34--0.0
2020-09-16 12:57 GMT -0600--GNT--consulta_moneda--0--BGSTux34--None
2020-09-16 12:58 GMT -0600--GNT--consulta_moneda--0--BGSTux34--None
2020-09-16 12:58 GMT -0600--GNT--consulta_moneda--0--BGSTux34--None
2020-09-16 13:04 GMT -0600--None--consulta_balance_general--0--BGSTux34--None
2020-09-16 13:07 GMT -0600--BAT--crédito--5--ASSDSSSS4334--1.262
2020-09-16 13:07 GMT -0600--BAT--consulta_moneda--0--BGSTux34--0.0
2020-09-16 13:09 GMT -0600--BAT--crédito--33--ASSSDdasd3434--8.3259
2020-09-16 13:09 GMT -0600--BAT--débito--100--SDDFSd2343--25.21
2020-09-16 13:09 GMT -0600--BAT--consulta_moneda--0--BGSTux34--0.0
2020-09-16 13:09 GMT -0600--GNT--consulta_moneda--0--BGSTux34--None
2020-09-16 13:09 GMT -0600--None--consulta_balance_general--0--BGSTux34--None
2020-11-25 13:37 GMT -0600--BTC--consulta_moneda--0--BGSTux34--0.0
2020-11-25 13:37 GMT -0600--None--consulta_balance_general--0--BGSTux34--None
